Compiling the C compiler identification source file "CMakeCCompilerId.c" failed.
Compiler: /home/hesheng/sle_ble_smart_bike/src/tools/bin/compiler/riscv/cc_riscv32_musl_b010/cc_riscv32_musl_fp/bin/riscv32-linux-musl-gcc 
Build flags: 
Id flags:  

The output was:
Permission denied


Compiling the C compiler identification source file "CMakeCCompilerId.c" failed.
Compiler: /home/hesheng/sle_ble_smart_bike/src/tools/bin/compiler/riscv/cc_riscv32_musl_b010/cc_riscv32_musl_fp/bin/riscv32-linux-musl-gcc 
Build flags: 
Id flags: -c 

The output was:
Permission denied


Compiling the C compiler identification source file "CMakeCCompilerId.c" failed.
Compiler: /home/hesheng/sle_ble_smart_bike/src/tools/bin/compiler/riscv/cc_riscv32_musl_b010/cc_riscv32_musl_fp/bin/riscv32-linux-musl-gcc 
Build flags: 
Id flags: -Aa 

The output was:
Permission denied


Compiling the C compiler identification source file "CMakeCCompilerId.c" failed.
Compiler: /home/hesheng/sle_ble_smart_bike/src/tools/bin/compiler/riscv/cc_riscv32_musl_b010/cc_riscv32_musl_fp/bin/riscv32-linux-musl-gcc 
Build flags: 
Id flags: -D__CLASSIC_C__ 

The output was:
Permission denied


Compiling the C compiler identification source file "CMakeCCompilerId.c" failed.
Compiler: /home/hesheng/sle_ble_smart_bike/src/tools/bin/compiler/riscv/cc_riscv32_musl_b010/cc_riscv32_musl_fp/bin/riscv32-linux-musl-gcc 
Build flags: 
Id flags: --target=arm-arm-none-eabi;-mcpu=cortex-m3 

The output was:
Permission denied


Compiling the C compiler identification source file "CMakeCCompilerId.c" failed.
Compiler: /home/hesheng/sle_ble_smart_bike/src/tools/bin/compiler/riscv/cc_riscv32_musl_b010/cc_riscv32_musl_fp/bin/riscv32-linux-musl-gcc 
Build flags: 
Id flags: -c;-I__does_not_exist__ 

The output was:
Permission denied


Compiling the C compiler identification source file "CMakeCCompilerId.c" failed.
Compiler: /home/hesheng/sle_ble_smart_bike/src/tools/bin/compiler/riscv/cc_riscv32_musl_b010/cc_riscv32_musl_fp/bin/riscv32-linux-musl-gcc 
Build flags: 
Id flags:  

The output was:
Permission denied


Compiling the C compiler identification source file "CMakeCCompilerId.c" failed.
Compiler: /home/hesheng/sle_ble_smart_bike/src/tools/bin/compiler/riscv/cc_riscv32_musl_b010/cc_riscv32_musl_fp/bin/riscv32-linux-musl-gcc 
Build flags: 
Id flags: -c 

The output was:
Permission denied


Compiling the C compiler identification source file "CMakeCCompilerId.c" failed.
Compiler: /home/hesheng/sle_ble_smart_bike/src/tools/bin/compiler/riscv/cc_riscv32_musl_b010/cc_riscv32_musl_fp/bin/riscv32-linux-musl-gcc 
Build flags: 
Id flags: -Aa 

The output was:
Permission denied


Compiling the C compiler identification source file "CMakeCCompilerId.c" failed.
Compiler: /home/hesheng/sle_ble_smart_bike/src/tools/bin/compiler/riscv/cc_riscv32_musl_b010/cc_riscv32_musl_fp/bin/riscv32-linux-musl-gcc 
Build flags: 
Id flags: -D__CLASSIC_C__ 

The output was:
Permission denied


Compiling the C compiler identification source file "CMakeCCompilerId.c" failed.
Compiler: /home/hesheng/sle_ble_smart_bike/src/tools/bin/compiler/riscv/cc_riscv32_musl_b010/cc_riscv32_musl_fp/bin/riscv32-linux-musl-gcc 
Build flags: 
Id flags: --target=arm-arm-none-eabi;-mcpu=cortex-m3 

The output was:
Permission denied


Compiling the C compiler identification source file "CMakeCCompilerId.c" failed.
Compiler: /home/hesheng/sle_ble_smart_bike/src/tools/bin/compiler/riscv/cc_riscv32_musl_b010/cc_riscv32_musl_fp/bin/riscv32-linux-musl-gcc 
Build flags: 
Id flags: -c;-I__does_not_exist__ 

The output was:
Permission denied


Checking whether the C compiler is IAR using "" did not match "IAR .+ Compiler":
Checking whether the C compiler is IAR using "" did not match "IAR .+ Compiler":
Checking whether the ASM compiler is GNU using "--version" did not match "(GNU assembler)|(GCC)|(Free Software Foundation)":
Checking whether the ASM compiler is Clang using "--version" did not match "(clang version)":
Checking whether the ASM compiler is AppleClang using "--version" did not match "(Apple LLVM version)":
Checking whether the ASM compiler is ARMClang using "--version" did not match "armclang":
Checking whether the ASM compiler is HP using "-V" did not match "HP C":
Checking whether the ASM compiler is Intel using "--version" did not match "(ICC)":
Checking whether the ASM compiler is IntelLLVM using "--version" did not match "(Intel[^
]+oneAPI)":
Checking whether the ASM compiler is SunPro using "-V" did not match "Sun C":
Checking whether the ASM compiler is XL using "-qversion" did not match "XL C":
Checking whether the ASM compiler is MSVC using "-?" did not match "Microsoft":
Checking whether the ASM compiler is TI using "-h" did not match "Texas Instruments":
Checking whether the ASM compiler is IAR using "" did not match "IAR Assembler":
Checking whether the ASM compiler is ARMCC using "" did not match "(ARM Compiler)|(ARM Assembler)":
Checking whether the ASM compiler is NASM using "-v" did not match "(NASM version)":
Checking whether the ASM compiler is YASM using "--version" did not match "(yasm)":
Checking whether the ASM compiler is ADSP using "-version" did not match "Analog Devices":
Checking whether the ASM compiler is QCC using "-V" did not match "gcc_nto":
Compiling the CXX compiler identification source file "CMakeCXXCompilerId.cpp" failed.
Compiler: /home/hesheng/sle_ble_smart_bike/src/tools/bin/compiler/riscv/cc_riscv32_musl_b010/cc_riscv32_musl_fp/bin/riscv32-linux-musl-g++ 
Build flags: 
Id flags:  

The output was:
Permission denied


Compiling the CXX compiler identification source file "CMakeCXXCompilerId.cpp" failed.
Compiler: /home/hesheng/sle_ble_smart_bike/src/tools/bin/compiler/riscv/cc_riscv32_musl_b010/cc_riscv32_musl_fp/bin/riscv32-linux-musl-g++ 
Build flags: 
Id flags: -c 

The output was:
Permission denied


Compiling the CXX compiler identification source file "CMakeCXXCompilerId.cpp" failed.
Compiler: /home/hesheng/sle_ble_smart_bike/src/tools/bin/compiler/riscv/cc_riscv32_musl_b010/cc_riscv32_musl_fp/bin/riscv32-linux-musl-g++ 
Build flags: 
Id flags: --c++ 

The output was:
Permission denied


Compiling the CXX compiler identification source file "CMakeCXXCompilerId.cpp" failed.
Compiler: /home/hesheng/sle_ble_smart_bike/src/tools/bin/compiler/riscv/cc_riscv32_musl_b010/cc_riscv32_musl_fp/bin/riscv32-linux-musl-g++ 
Build flags: 
Id flags: --ec++ 

The output was:
Permission denied


Compiling the CXX compiler identification source file "CMakeCXXCompilerId.cpp" failed.
Compiler: /home/hesheng/sle_ble_smart_bike/src/tools/bin/compiler/riscv/cc_riscv32_musl_b010/cc_riscv32_musl_fp/bin/riscv32-linux-musl-g++ 
Build flags: 
Id flags: --target=arm-arm-none-eabi;-mcpu=cortex-m3 

The output was:
Permission denied


Compiling the CXX compiler identification source file "CMakeCXXCompilerId.cpp" failed.
Compiler: /home/hesheng/sle_ble_smart_bike/src/tools/bin/compiler/riscv/cc_riscv32_musl_b010/cc_riscv32_musl_fp/bin/riscv32-linux-musl-g++ 
Build flags: 
Id flags: -c;-I__does_not_exist__ 

The output was:
Permission denied


Compiling the CXX compiler identification source file "CMakeCXXCompilerId.cpp" failed.
Compiler: /home/hesheng/sle_ble_smart_bike/src/tools/bin/compiler/riscv/cc_riscv32_musl_b010/cc_riscv32_musl_fp/bin/riscv32-linux-musl-g++ 
Build flags: 
Id flags:  

The output was:
Permission denied


Compiling the CXX compiler identification source file "CMakeCXXCompilerId.cpp" failed.
Compiler: /home/hesheng/sle_ble_smart_bike/src/tools/bin/compiler/riscv/cc_riscv32_musl_b010/cc_riscv32_musl_fp/bin/riscv32-linux-musl-g++ 
Build flags: 
Id flags: -c 

The output was:
Permission denied


Compiling the CXX compiler identification source file "CMakeCXXCompilerId.cpp" failed.
Compiler: /home/hesheng/sle_ble_smart_bike/src/tools/bin/compiler/riscv/cc_riscv32_musl_b010/cc_riscv32_musl_fp/bin/riscv32-linux-musl-g++ 
Build flags: 
Id flags: --c++ 

The output was:
Permission denied


Compiling the CXX compiler identification source file "CMakeCXXCompilerId.cpp" failed.
Compiler: /home/hesheng/sle_ble_smart_bike/src/tools/bin/compiler/riscv/cc_riscv32_musl_b010/cc_riscv32_musl_fp/bin/riscv32-linux-musl-g++ 
Build flags: 
Id flags: --ec++ 

The output was:
Permission denied


Compiling the CXX compiler identification source file "CMakeCXXCompilerId.cpp" failed.
Compiler: /home/hesheng/sle_ble_smart_bike/src/tools/bin/compiler/riscv/cc_riscv32_musl_b010/cc_riscv32_musl_fp/bin/riscv32-linux-musl-g++ 
Build flags: 
Id flags: --target=arm-arm-none-eabi;-mcpu=cortex-m3 

The output was:
Permission denied


Compiling the CXX compiler identification source file "CMakeCXXCompilerId.cpp" failed.
Compiler: /home/hesheng/sle_ble_smart_bike/src/tools/bin/compiler/riscv/cc_riscv32_musl_b010/cc_riscv32_musl_fp/bin/riscv32-linux-musl-g++ 
Build flags: 
Id flags: -c;-I__does_not_exist__ 

The output was:
Permission denied


Checking whether the CXX compiler is IAR using "" did not match "IAR .+ Compiler":
Checking whether the CXX compiler is IAR using "" did not match "IAR .+ Compiler":
Detecting C compiler ABI info failed to compile with the following output:
Change Dir: /home/hesheng/sle_ble_smart_bike/src/output/bs21e/acore/standard-bs21e-1100e/CMakeFiles/CMakeTmp

Run Build Command(s):/usr/bin/gmake -f Makefile cmTC_71b4f/fast && /usr/bin/gmake  -f CMakeFiles/cmTC_71b4f.dir/build.make CMakeFiles/cmTC_71b4f.dir/build
gmake[1]: Entering directory '/home/hesheng/sle_ble_smart_bike/src/output/bs21e/acore/standard-bs21e-1100e/CMakeFiles/CMakeTmp'
Building C object CMakeFiles/cmTC_71b4f.dir/CMakeCCompilerABI.c.obj
/home/hesheng/sle_ble_smart_bike/src/tools/bin/compiler/riscv/cc_riscv32_musl_b010/cc_riscv32_musl_fp/bin/riscv32-linux-musl-gcc    -o CMakeFiles/cmTC_71b4f.dir/CMakeCCompilerABI.c.obj -c /usr/share/cmake-3.22/Modules/CMakeCCompilerABI.c
gmake[1]: /home/hesheng/sle_ble_smart_bike/src/tools/bin/compiler/riscv/cc_riscv32_musl_b010/cc_riscv32_musl_fp/bin/riscv32-linux-musl-gcc: Permission denied
gmake[1]: *** [CMakeFiles/cmTC_71b4f.dir/build.make:78: CMakeFiles/cmTC_71b4f.dir/CMakeCCompilerABI.c.obj] Error 127
gmake[1]: Leaving directory '/home/hesheng/sle_ble_smart_bike/src/output/bs21e/acore/standard-bs21e-1100e/CMakeFiles/CMakeTmp'
gmake: *** [Makefile:127: cmTC_71b4f/fast] Error 2




Detecting CXX compiler ABI info failed to compile with the following output:
Change Dir: /home/hesheng/sle_ble_smart_bike/src/output/bs21e/acore/standard-bs21e-1100e/CMakeFiles/CMakeTmp

Run Build Command(s):/usr/bin/gmake -f Makefile cmTC_dda9c/fast && /usr/bin/gmake  -f CMakeFiles/cmTC_dda9c.dir/build.make CMakeFiles/cmTC_dda9c.dir/build
gmake[1]: Entering directory '/home/hesheng/sle_ble_smart_bike/src/output/bs21e/acore/standard-bs21e-1100e/CMakeFiles/CMakeTmp'
Building CXX object CMakeFiles/cmTC_dda9c.dir/CMakeCXXCompilerABI.cpp.obj
/home/hesheng/sle_ble_smart_bike/src/tools/bin/compiler/riscv/cc_riscv32_musl_b010/cc_riscv32_musl_fp/bin/riscv32-linux-musl-g++    -o CMakeFiles/cmTC_dda9c.dir/CMakeCXXCompilerABI.cpp.obj -c /usr/share/cmake-3.22/Modules/CMakeCXXCompilerABI.cpp
gmake[1]: /home/hesheng/sle_ble_smart_bike/src/tools/bin/compiler/riscv/cc_riscv32_musl_b010/cc_riscv32_musl_fp/bin/riscv32-linux-musl-g++: Permission denied
gmake[1]: *** [CMakeFiles/cmTC_dda9c.dir/build.make:78: CMakeFiles/cmTC_dda9c.dir/CMakeCXXCompilerABI.cpp.obj] Error 127
gmake[1]: Leaving directory '/home/hesheng/sle_ble_smart_bike/src/output/bs21e/acore/standard-bs21e-1100e/CMakeFiles/CMakeTmp'
gmake: *** [Makefile:127: cmTC_dda9c/fast] Error 2




